Removed Pin From Net: NetName=GND Pin=C1-2
Removed Pin From Net: NetName=GND Pin=P1-3
Removed Pin From Net: NetName=GND Pin=Q2-2
Removed Pin From Net: NetName=NetQ2_3 Pin=Q2-3
Removed Pin From Net: NetName=NetQ2_3 Pin=Q3-1
Removed Pin From Net: NetName=GND Pin=Q3-2
Removed Pin From Net: NetName=NetQ2_3 Pin=Q3-3
Removed Pin From Net: NetName=NetQ2_3 Pin=Q4-1
Removed Pin From Net: NetName=GND Pin=Q4-2
Removed Pin From Net: NetName=NetJP2_2 Pin=Q4-3
Removed Pin From Net: NetName=NetJP2_2 Pin=Q5-3
Removed Pin From Net: NetName=NetJP2_2 Pin=Q6-3
Removed Pin From Net: NetName=NetJP2_2 Pin=Q7-3
Removed Pin From Net: NetName=NetJP2_2 Pin=Q8-3
Removed Pin From Net: NetName=NetQ2_3 Pin=R2-1
Removed Member From Class: ClassName=LaserControl Member=C1
Removed Member From Class: ClassName=LaserControl Member=P1
Change Component DesignItemId : Designator=R1 Old DesignItemId=CRCW06032K00FKEA New DesignItemId=RC0603FR-07180RL
Change Component Comment : Designator=R1 Old Comment=CRCW06032K00FKEA New Comment=100R
Change Component Comment : Designator=R2 Old Comment=RC0603FR-07180RL New Comment=1K
Change Component Description : Designator=R1 Old Description=RES, 2.00 k, 1%, 0.1 W, 0603 New Description=
Change Component Description : Designator=R2 Old Description=RES, 180, 1%, 0.1 W, 0603 New Description=
Added Component: Designator=JP1(SIP2)
Added Component: Designator=JP3(SIP2)
Added Component: Designator=Q1(SOT-23)
Added Pin To Net: NetName=GND Pin=JP1-2
Added Pin To Net: NetName=NetQ2_3 Pin=Q2-2
Added Pin To Net: NetName=NetQ2_3 Pin=Q3-2
Added Pin To Net: NetName=NetQ2_3 Pin=Q4-2
Added Pin To Net: NetName=NetQ2_3 Pin=Q6-3
Added Pin To Net: NetName=NetQ2_3 Pin=Q7-3
Added Pin To Net: NetName=NetQ2_3 Pin=Q8-3
Added Pin To Net: NetName=NetJP2_2 Pin=R2-1
Change Net Name : Old Net Name=GND New Net Name=NetJP1_2
Change Net Name : Old Net Name=NetQ2_3 New Net Name=NetQ2_2
Added Pin To Net: NetName=NetJP1_1 Pin=JP1-1
Added Pin To Net: NetName=NetJP1_1 Pin=JP2-1
Added Pin To Net: NetName=NetJP1_1 Pin=JP3-1
Added Net: Name=NetJP1_1
Added Pin To Net: NetName=NetJP3_2 Pin=JP3-2
Added Pin To Net: NetName=NetJP3_2 Pin=R1-1
Added Net: Name=NetJP3_2
Added Pin To Net: NetName=NetQ1_1 Pin=Q1-1
Added Pin To Net: NetName=NetQ1_1 Pin=Q1-3
Added Pin To Net: NetName=NetQ1_1 Pin=Q2-1
Added Pin To Net: NetName=NetQ1_1 Pin=Q3-1
Added Pin To Net: NetName=NetQ1_1 Pin=Q4-1
Added Pin To Net: NetName=NetQ1_1 Pin=R2-2
Added Net: Name=NetQ1_1
Added Pin To Net: NetName=NetQ1_2 Pin=Q1-2
Added Pin To Net: NetName=NetQ1_2 Pin=Q5-3
Added Net: Name=NetQ1_2
Added Pin To Net: NetName=NetQ2_3 Pin=Q2-3
Added Pin To Net: NetName=NetQ2_3 Pin=Q3-3
Added Pin To Net: NetName=NetQ2_3 Pin=Q4-3
Added Pin To Net: NetName=NetQ2_3 Pin=R1-2
Added Net: Name=NetQ2_3
Added Member To Class: ClassName=LaserControl Member=Component JP1 CON2
Added Member To Class: ClassName=LaserControl Member=Component JP3 CON2
Added Member To Class: ClassName=LaserControl Member=Component Q1 MMBT4401-7-F
Added Room: Name=LaserControl
