Added Component: Designator=C1(0603)
Added Component: Designator=JP1(SIP2)
Added Component: Designator=JP2(SIP2)
Added Component: Designator=JP3(SIP2)
Added Component: Designator=Q1(SOT-23)
Added Component: Designator=Q2(SOT-23)
Added Component: Designator=Q3(SOT-23)
Added Component: Designator=Q4(SOT-23)
Added Component: Designator=Q5(SOT-23)
Added Component: Designator=Q6(SOT-23)
Added Component: Designator=Q7(SOT-23)
Added Component: Designator=Q8(SOT-23)
Added Component: Designator=R1(0603)
Added Pin To Net: NetName=GND Pin=C1-2
Added Pin To Net: NetName=GND Pin=JP3-2
Added Pin To Net: NetName=GND Pin=Q2-2
Added Pin To Net: NetName=GND Pin=Q3-2
Added Pin To Net: NetName=GND Pin=Q4-2
Added Pin To Net: NetName=GND Pin=Q5-2
Added Pin To Net: NetName=GND Pin=Q6-2
Added Pin To Net: NetName=GND Pin=Q7-2
Added Pin To Net: NetName=GND Pin=Q8-2
Added Net: Name=GND
Added Pin To Net: NetName=NetC1_1 Pin=C1-1
Added Pin To Net: NetName=NetC1_1 Pin=Q2-1
Added Pin To Net: NetName=NetC1_1 Pin=R1-2
Added Net: Name=NetC1_1
Added Pin To Net: NetName=NetJP1_2 Pin=JP1-2
Added Pin To Net: NetName=NetJP1_2 Pin=Q2-3
Added Pin To Net: NetName=NetJP1_2 Pin=Q3-1
Added Pin To Net: NetName=NetJP1_2 Pin=Q3-3
Added Pin To Net: NetName=NetJP1_2 Pin=Q4-1
Added Pin To Net: NetName=NetJP1_2 Pin=Q5-1
Added Pin To Net: NetName=NetJP1_2 Pin=Q6-1
Added Pin To Net: NetName=NetJP1_2 Pin=Q7-1
Added Pin To Net: NetName=NetJP1_2 Pin=Q8-1
Added Net: Name=NetJP1_2
Added Pin To Net: NetName=NetJP2_2 Pin=JP2-2
Added Pin To Net: NetName=NetJP2_2 Pin=Q4-3
Added Pin To Net: NetName=NetJP2_2 Pin=Q5-3
Added Pin To Net: NetName=NetJP2_2 Pin=Q6-3
Added Pin To Net: NetName=NetJP2_2 Pin=Q7-3
Added Pin To Net: NetName=NetJP2_2 Pin=Q8-3
Added Net: Name=NetJP2_2
Added Pin To Net: NetName=NetJP3_1 Pin=JP3-1
Added Pin To Net: NetName=NetJP3_1 Pin=R1-1
Added Net: Name=NetJP3_1
Added Class: Name=LaserControl
Added Room: Name=LaserControl
