Removed Pin From Net: NetName=GND Pin=JP1-1
Removed Pin From Net: NetName=NetC1_1 Pin=JP1-2
Removed Member From Class: ClassName=LaunchpadStepperXY Member=JP1
Change Component DesignItemId : Designator=C1 Old DesignItemId=Cap2 New DesignItemId=C_POL
Change Component DesignItemId : Designator=C2 Old DesignItemId=Cap2 New DesignItemId=C_POL
Change Component Footprint: Designator=C1 Old Footprint=CAPR5-4X5 New Footprint=PanasonicD
Change Component Footprint: Designator=C2 Old Footprint=CAPR5-4X5 New Footprint=PanasonicD
Change Component Comment : Designator=C1 Old Comment=47uF New Comment=47uF/16V
Change Component Comment : Designator=C2 Old Comment=47uF New Comment=47uF/16V
Added Component: Designator=C3(0603)
Added Component: Designator=Con3(SIP4)
Added Component: Designator=J4(CONN_CUI-PJ-202AH)
Added Component: Designator=Q1(SOT-23)
Added Component: Designator=Q2(SOT-23)
Added Component: Designator=R3(AXIAL-0.4)
Added Component: Designator=U1(DBV0005A_N)
Added Pin To Net: NetName=GND Pin=C3-2
Added Pin To Net: NetName=NetC1_1 Pin=Con3-1
Added Pin To Net: NetName=NetC1_1 Pin=J4-1
Added Pin To Net: NetName=GND Pin=J4-2
Added Pin To Net: NetName=GND Pin=J4-3
Added Pin To Net: NetName=PF3 Pin=Q1-1
Added Pin To Net: NetName=GND Pin=Q1-2
Added Pin To Net: NetName=PF2 Pin=Q2-1
Added Pin To Net: NetName=GND Pin=Q2-2
Added Pin To Net: NetName=NetC1_1 Pin=R3-2
Added Pin To Net: NetName=NetC1_1 Pin=U1-1
Added Pin To Net: NetName=GND Pin=U1-2
Added Pin To Net: NetName=NetC1_1 Pin=U1-3
Change Net Name : Old Net Name=NetC1_1 New Net Name=P12V
Added Pin To Net: NetName=NetCon3_2 Pin=Con3-2
Added Pin To Net: NetName=NetCon3_2 Pin=Q1-3
Added Net: Name=NetCon3_2
Added Pin To Net: NetName=NetCon3_3 Pin=Con3-3
Added Pin To Net: NetName=NetCon3_3 Pin=R3-1
Added Net: Name=NetCon3_3
Added Pin To Net: NetName=NetCon3_4 Pin=Con3-4
Added Pin To Net: NetName=NetCon3_4 Pin=Q2-3
Added Net: Name=NetCon3_4
Added Pin To Net: NetName=P3V3 Pin=C3-1
Added Pin To Net: NetName=P3V3 Pin=U1-5
Added Net: Name=P3V3
Added Member To Class: ClassName=LaunchpadStepperXY Member=Component C1 47uF/16V
Added Member To Class: ClassName=LaunchpadStepperXY Member=Component C3 UMK107AB7105KA-T
Added Member To Class: ClassName=LaunchpadStepperXY Member=Component Con3 CON4
Added Member To Class: ClassName=LaunchpadStepperXY Member=Component J4 PJ-202AH
Added Member To Class: ClassName=LaunchpadStepperXY Member=Component Q1 SI2308BDS-T1-E3
Added Member To Class: ClassName=LaunchpadStepperXY Member=Component Q2 SI2308BDS-T1-E3
Added Member To Class: ClassName=LaunchpadStepperXY Member=Component R3 44R
Added Member To Class: ClassName=LaunchpadStepperXY Member=Component U1 TPS73633DBV
