Removed Pin From Net: NetName=NetJ1_18 Pin=U4-1
Removed Pin From Net: NetName=NetJ1_18 Pin=U4-2
Removed Pin From Net: NetName=NetC7_2 Pin=U4-3
Removed Pin From Net: NetName=V5V Pin=U4-4
Removed Pin From Net: NetName=GND Pin=U4-11
Removed Pin From Net: NetName=VREF1 Pin=U5-1
Removed Pin From Net: NetName=VREF1 Pin=U5-2
Removed Pin From Net: NetName=NetC10_2 Pin=U5-3
Removed Pin From Net: NetName=V5V Pin=U5-4
Removed Pin From Net: NetName=GND Pin=U5-11
Removed Member From Class: ClassName=PCLaser Member=U4
Removed Member From Class: ClassName=PCLaser Member=U5
Added Pin To Net: NetName=NetC7_2 Pin=U2-5
Added Pin To Net: NetName=NetJ1_18 Pin=U2-6
Added Pin To Net: NetName=NetJ1_18 Pin=U2-7
Added Pin To Net: NetName=VREF1 Pin=U2-8
Added Pin To Net: NetName=VREF1 Pin=U2-9
Added Pin To Net: NetName=NetC10_2 Pin=U2-10
Added Pin To Net: NetName=GND Pin=U2-12
Added Pin To Net: NetName=GND Pin=U2-13
Added Room: Name=PCLaser
