Added Component: Designator=C2(0805C)
Added Component: Designator=C3(0805C)
Added Component: Designator=D1(SMA)
Added Component: Designator=D2(WL-SMCW_GREEN)
Added Component: Designator=J2(CUI_PJ-037AH)
Added Component: Designator=U2(DCY0004A_N)
Added Pin To Net: NetName=GND Pin=C2-1
Added Pin To Net: NetName=GND Pin=C3-1
Added Pin To Net: NetName=V5V Pin=C3-2
Added Pin To Net: NetName=GND Pin=D1-2
Added Pin To Net: NetName=GND Pin=J2-2
Added Pin To Net: NetName=GND Pin=U2-1
Added Pin To Net: NetName=V5V Pin=U2-2
Added Pin To Net: NetName=V5V Pin=U2-4
Added Pin To Net: NetName=EXTERNAL POWER Pin=C2-2
Added Pin To Net: NetName=EXTERNAL POWER Pin=D1-1
Added Pin To Net: NetName=EXTERNAL POWER Pin=D2-2
Added Pin To Net: NetName=EXTERNAL POWER Pin=U2-3
Added Net: Name=EXTERNAL POWER
Added Pin To Net: NetName=NetD2_1 Pin=D2-1
Added Net: Name=NetD2_1
Added Pin To Net: NetName=NetF1_2 Pin=J2-1
Added Net: Name=NetF1_2
Added Member To Class: ClassName=PCLaser Member=Component C2 10uF ceramic
Added Member To Class: ClassName=PCLaser Member=Component C3 10uF ceramic
Added Member To Class: ClassName=PCLaser Member=Component D1 B340A-13-F
Added Member To Class: ClassName=PCLaser Member=Component D2 150060GS75000
Added Member To Class: ClassName=PCLaser Member=Component J2 PJ-037AH
Added Member To Class: ClassName=PCLaser Member=Component U2 TLV1117-50CDCYR 
Added Room: Name=PCLaser
