Removed Pin From Net: NetName=V5V Pin=C3-2
Removed Pin From Net: NetName=GND Pin=D1-2
Removed Pin From Net: NetName=GND Pin=J2-2
Removed Pin From Net: NetName=GND Pin=R9-1
Removed Pin From Net: NetName=GND Pin=U2-1
Removed Pin From Net: NetName=V5V Pin=U2-2
Removed Member From Class: ClassName=PCLaser Member=D1
Removed Member From Class: ClassName=PCLaser Member=D2
Removed Member From Class: ClassName=PCLaser Member=F1
Change Component DesignItemId : Designator=J2 Old DesignItemId=PJ-037AH New DesignItemId=046288020000846+
Change Component DesignItemId : Designator=R9 Old DesignItemId=RC0603FR-071K1L New DesignItemId=CRCW060310K0JNEA
Change Component DesignItemId : Designator=U2 Old DesignItemId=TLV1117LV33DCYT New DesignItemId=LM324KPW
Change Component Footprint: Designator=C2 Old Footprint=0805C New Footprint=0603c
Change Component Footprint: Designator=C3 Old Footprint=0805C New Footprint=0603c
Change Component Footprint: Designator=J2 Old Footprint=CUI_PJ-037AH New Footprint=CONN_046288020000846+
Change Component Footprint: Designator=U2 Old Footprint=DCY0004A_N New Footprint=PW0014A_N
Change Component Comment : Designator=C2 Old Comment=10uF ceramic New Comment=0.1uF
Change Component Comment : Designator=C3 Old Comment=10uF ceramic New Comment=0.1uF
Change Component Comment : Designator=J2 Old Comment=PJ-037AH New Comment=046288020000846+
Change Component Comment : Designator=R9 Old Comment=RC0603FR-071K1L New Comment=CRCW060310K0JNEA
Change Component Comment : Designator=U2 Old Comment=TLV1117-50CDCYR  New Comment=LM324KPW
Change Component Description : Designator=R9 Old Description=RES, 1.10 k, 1%, 0.1 W, 0603 New Description=RES, 10 k, 5%, 0.1 W, 0603
Added Component: Designator=C4(0603c)
Added Component: Designator=C5(0805C)
Added Component: Designator=C6(0603c)
Added Component: Designator=C7(0603c)
Added Component: Designator=C8(0603c)
Added Component: Designator=C9(0603c)
Added Component: Designator=C10(0603c)
Added Component: Designator=C11(0603c)
Added Component: Designator=C12(0805C)
Added Component: Designator=R10(0603)
Added Component: Designator=R11(0603)
Added Component: Designator=R12(0603)
Added Component: Designator=R13(0603)
Added Component: Designator=R14(0603)
Added Component: Designator=R15(0603)
Added Component: Designator=R16(0603)
Added Component: Designator=U3(SOIC-OA8_N)
Added Component: Designator=U4(PW0014A_N)
Added Component: Designator=U5(PW0014A_N)
Added Pin To Net: NetName=V5V Pin=C2-2
Added Pin To Net: NetName=GND Pin=C4-1
Added Pin To Net: NetName=GND Pin=C5-1
Added Pin To Net: NetName=V5V Pin=C5-2
Added Pin To Net: NetName=GND Pin=C6-1
Added Pin To Net: NetName=V5V Pin=C6-2
Added Pin To Net: NetName=GND Pin=C7-1
Added Pin To Net: NetName=GND Pin=C8-1
Added Pin To Net: NetName=V5V Pin=C8-2
Added Pin To Net: NetName=GND Pin=C9-1
Added Pin To Net: NetName=GND Pin=C10-1
Added Pin To Net: NetName=GND Pin=C11-1
Added Pin To Net: NetName=V5V Pin=C11-2
Added Pin To Net: NetName=GND Pin=C12-1
Added Pin To Net: NetName=V5V Pin=C12-2
Added Pin To Net: NetName=GND Pin=J1-7
Added Pin To Net: NetName=V5V Pin=J1-9
Added Pin To Net: NetName=V5V Pin=J1-13
Added Pin To Net: NetName=GND Pin=J1-17
Added Pin To Net: NetName=GND Pin=J1-19
Added Pin To Net: NetName=GND Pin=J1-21
Added Pin To Net: NetName=GND Pin=J1-27
Added Pin To Net: NetName=V5V Pin=J1-42
Added Pin To Net: NetName=GND Pin=J1-45
Added Pin To Net: NetName=V5V Pin=J2-1
Added Pin To Net: NetName=V5V Pin=J2-2
Added Pin To Net: NetName=V5V Pin=J2-3
Added Pin To Net: NetName=V5V Pin=J2-4
Added Pin To Net: NetName=GND Pin=J2-5
Added Pin To Net: NetName=GND Pin=J2-7
Added Pin To Net: NetName=GND Pin=J2-9
Added Pin To Net: NetName=GND Pin=J2-12
Added Pin To Net: NetName=GND Pin=J2-14
Added Pin To Net: NetName=GND Pin=J2-16
Added Pin To Net: NetName=GND Pin=J2-18
Added Pin To Net: NetName=GND Pin=J2-20
Added Pin To Net: NetName=V5V Pin=R9-2
Added Pin To Net: NetName=GND Pin=R10-1
Added Pin To Net: NetName=V5V Pin=R12-2
Added Pin To Net: NetName=V5V Pin=R13-2
Added Pin To Net: NetName=V5V Pin=R14-2
Added Pin To Net: NetName=GND Pin=R15-1
Added Pin To Net: NetName=V5V Pin=R16-2
Added Pin To Net: NetName=GND Pin=U2-11
Added Pin To Net: NetName=GND Pin=U3-3
Added Pin To Net: NetName=V5V Pin=U3-6
Added Pin To Net: NetName=V5V Pin=U4-4
Added Pin To Net: NetName=GND Pin=U4-11
Added Pin To Net: NetName=V5V Pin=U5-4
Added Pin To Net: NetName=GND Pin=U5-11
Added Pin To Net: NetName=FOCUS1 Pin=J2-13
Added Pin To Net: NetName=FOCUS1 Pin=R1-2
Added Pin To Net: NetName=FOCUS1 Pin=U1-8
Added Net: Name=FOCUS1
Added Pin To Net: NetName=FOCUS2 Pin=J2-15
Added Pin To Net: NetName=FOCUS2 Pin=R3-2
Added Pin To Net: NetName=FOCUS2 Pin=U1-14
Added Net: Name=FOCUS2
Added Pin To Net: NetName=FOCUS3 Pin=J2-17
Added Pin To Net: NetName=FOCUS3 Pin=R5-2
Added Pin To Net: NetName=FOCUS3 Pin=U1-1
Added Net: Name=FOCUS3
Added Pin To Net: NetName=FOCUS4 Pin=J2-19
Added Pin To Net: NetName=FOCUS4 Pin=R7-2
Added Pin To Net: NetName=FOCUS4 Pin=U1-7
Added Net: Name=FOCUS4
Added Pin To Net: NetName=FOCUSPWM Pin=J2-6
Added Pin To Net: NetName=FOCUSPWM Pin=U3-2
Added Pin To Net: NetName=FOCUSPWM Pin=U3-4
Added Net: Name=FOCUSPWM
Added Pin To Net: NetName=LASERCON Pin=J2-8
Added Pin To Net: NetName=LASERCON Pin=R11-2
Added Net: Name=LASERCON
Added Pin To Net: NetName=NetC4_2 Pin=C4-2
Added Pin To Net: NetName=NetC4_2 Pin=R9-1
Added Pin To Net: NetName=NetC4_2 Pin=R10-2
Added Pin To Net: NetName=NetC4_2 Pin=U2-3
Added Net: Name=NetC4_2
Added Pin To Net: NetName=NetC7_2 Pin=C7-2
Added Pin To Net: NetName=NetC7_2 Pin=R11-1
Added Pin To Net: NetName=NetC7_2 Pin=U4-3
Added Net: Name=NetC7_2
Added Pin To Net: NetName=NetC10_2 Pin=C10-2
Added Pin To Net: NetName=NetC10_2 Pin=R14-1
Added Pin To Net: NetName=NetC10_2 Pin=R15-2
Added Pin To Net: NetName=NetC10_2 Pin=U5-3
Added Net: Name=NetC10_2
Added Pin To Net: NetName=NetJ1_3 Pin=J1-3
Added Pin To Net: NetName=NetJ1_3 Pin=U3-7
Added Net: Name=NetJ1_3
Added Pin To Net: NetName=NetJ1_4 Pin=J1-4
Added Pin To Net: NetName=NetJ1_4 Pin=U3-5
Added Net: Name=NetJ1_4
Added Pin To Net: NetName=NetJ1_10 Pin=J1-10
Added Pin To Net: NetName=NetJ1_10 Pin=R12-1
Added Net: Name=NetJ1_10
Added Pin To Net: NetName=NetJ1_14 Pin=J1-14
Added Pin To Net: NetName=NetJ1_14 Pin=R13-1
Added Net: Name=NetJ1_14
Added Pin To Net: NetName=NetJ1_18 Pin=J1-18
Added Pin To Net: NetName=NetJ1_18 Pin=U4-1
Added Pin To Net: NetName=NetJ1_18 Pin=U4-2
Added Net: Name=NetJ1_18
Added Pin To Net: NetName=NetJ1_38 Pin=J1-38
Added Pin To Net: NetName=NetJ1_38 Pin=J1-40
Added Pin To Net: NetName=NetJ1_38 Pin=J1-41
Added Pin To Net: NetName=NetJ1_38 Pin=R16-1
Added Net: Name=NetJ1_38
Added Pin To Net: NetName=SEL1 Pin=J1-16
Added Pin To Net: NetName=SEL1 Pin=J1-39
Added Pin To Net: NetName=SEL1 Pin=J2-11
Added Net: Name=SEL1
Added Pin To Net: NetName=SEL2 Pin=J1-15
Added Pin To Net: NetName=SEL2 Pin=J2-10
Added Net: Name=SEL2
Added Pin To Net: NetName=VREF1 Pin=C9-2
Added Pin To Net: NetName=VREF1 Pin=J1-26
Added Pin To Net: NetName=VREF1 Pin=U5-1
Added Pin To Net: NetName=VREF1 Pin=U5-2
Added Net: Name=VREF1
Added Pin To Net: NetName=VREF2 Pin=C3-2
Added Pin To Net: NetName=VREF2 Pin=J1-11
Added Pin To Net: NetName=VREF2 Pin=U2-1
Added Pin To Net: NetName=VREF2 Pin=U2-2
Added Net: Name=VREF2
Added Member To Class: ClassName=PCLaser Member=Component C4 0.1uF
Added Member To Class: ClassName=PCLaser Member=Component C5 10uF ceramic
Added Member To Class: ClassName=PCLaser Member=Component C6 0.1uF
Added Member To Class: ClassName=PCLaser Member=Component C7 0.1uF
Added Member To Class: ClassName=PCLaser Member=Component C8 0.1uF
Added Member To Class: ClassName=PCLaser Member=Component C9 0.1uF
Added Member To Class: ClassName=PCLaser Member=Component C10 0.1uF
Added Member To Class: ClassName=PCLaser Member=Component C11 0.1uF
Added Member To Class: ClassName=PCLaser Member=Component C12 10uF ceramic
Added Member To Class: ClassName=PCLaser Member=Component R10 CRCW060310K0JNEA
Added Member To Class: ClassName=PCLaser Member=Component R11 
Added Member To Class: ClassName=PCLaser Member=Component R12 
Added Member To Class: ClassName=PCLaser Member=Component R13 
Added Member To Class: ClassName=PCLaser Member=Component R14 CRCW060310K0JNEA
Added Member To Class: ClassName=PCLaser Member=Component R15 CRCW060310K0JNEA
Added Member To Class: ClassName=PCLaser Member=Component R16 
Added Member To Class: ClassName=PCLaser Member=Component U3 TC4425AVOA
Added Member To Class: ClassName=PCLaser Member=Component U4 LM324KPW
Added Member To Class: ClassName=PCLaser Member=Component U5 LM324KPW
Added Room: Name=PCLaser
